#
# There is insufficient memory for the Java Runtime Environment to continue.
# Native memory allocation (malloc) failed to allocate 1868016 bytes for Chunk::new
# Possible reasons:
#   The system is out of physical RAM or swap space
#   The process is running with CompressedOops enabled, and the Java Heap may be blocking the growth of the native heap
# Possible solutions:
#   Reduce memory load on the system
#   Increase physical memory or swap space
#   Check if swap backing store is full
#   Decrease Java heap size (-Xmx/-Xms)
#   Decrease number of Java threads
#   Decrease Java thread stack sizes (-Xss)
#   Set larger code cache with -XX:ReservedCodeCacheSize=
#   JVM is running with Unscaled Compressed Oops mode in which the Java heap is
#     placed in the first 4GB address space. The Java Heap base address is the
#     maximum limit for the native heap growth. Please use -XX:HeapBaseMinAddress
#     to set the Java Heap base and to place the Java Heap above 4GB virtual address.
# This output file may be truncated or incomplete.
#
#  Out of Memory Error (./open/src/hotspot/share/memory/arena.cpp:197), pid=45572, tid=52500
#
# JRE version: Java(TM) SE Runtime Environment 18.9 (11.0.16.1+1) (build 11.0.16.1+1-LTS-1)
# Java VM: Java HotSpot(TM) 64-Bit Server VM 18.9 (11.0.16.1+1-LTS-1, mixed mode, tiered, compressed oops, g1 gc, windows-amd64)
# No core dump will be written. Minidumps are not enabled by default on client versions of Windows
#

---------------  S U M M A R Y ------------

Command Line: --add-opens=java.base/java.util=ALL-UNNAMED --add-opens=java.base/java.lang=ALL-UNNAMED --add-opens=java.base/java.lang.invoke=ALL-UNNAMED --add-opens=java.base/java.util=ALL-UNNAMED --add-opens=java.prefs/java.util.prefs=ALL-UNNAMED --add-opens=java.prefs/java.util.prefs=ALL-UNNAMED --add-opens=java.base/java.nio.charset=ALL-UNNAMED --add-opens=java.base/java.net=ALL-UNNAMED --add-opens=java.base/java.util.concurrent.atomic=ALL-UNNAMED -XX:MaxMetaspaceSize=256m -XX:+HeapDumpOnOutOfMemoryError -Xms256m -Xmx512m -Dfile.encoding=windows-1252 -Duser.country=US -Duser.language=en -Duser.variant org.gradle.launcher.daemon.bootstrap.GradleDaemon 7.5.1

Host: Intel(R) Core(TM) i3-1005G1 CPU @ 1.20GHz, 4 cores, 3G,  Windows 11 , 64 bit Build 22000 (10.0.22000.1219)
Time: Tue Dec  6 18:25:42 2022 SE Asia Standard Time elapsed time: 27.122880 seconds (0d 0h 0m 27s)

---------------  T H R E A D  ---------------

Current thread (0x00000225f819d800):  JavaThread "C2 CompilerThread0" daemon [_thread_in_native, id=52500, stack(0x000000640e700000,0x000000640e800000)]


Current CompileTask:
C2:  27122 4329       4       java.lang.invoke.MethodType::makeImpl (108 bytes)

Stack: [0x000000640e700000,0x000000640e800000]
Native frames: (J=compiled Java code, j=interpreted, Vv=VM code, C=native code)
V  [jvm.dll+0x62a3da]
V  [jvm.dll+0x76407f]
V  [jvm.dll+0x765729]
V  [jvm.dll+0x765db3]
V  [jvm.dll+0x23dc18]
V  [jvm.dll+0xb2a1c]
V  [jvm.dll+0xb2fdc]
V  [jvm.dll+0x341497]
V  [jvm.dll+0x30ee03]
V  [jvm.dll+0x30e14a]
V  [jvm.dll+0x1f8685]
V  [jvm.dll+0x1f786d]
V  [jvm.dll+0x177c81]
V  [jvm.dll+0x207186]
V  [jvm.dll+0x20531b]
V  [jvm.dll+0x729f60]
V  [jvm.dll+0x722b34]
V  [jvm.dll+0x629276]
C  [ucrtbase.dll+0x26c0c]
C  [KERNEL32.DLL+0x15550]
C  [ntdll.dll+0x485b]


---------------  P R O C E S S  ---------------

Threads class SMR info:
_java_thread_list=0x00000225faea1c90, length=56, elements={
0x00000225de2af800, 0x00000225f8175000, 0x00000225f817f800, 0x00000225f8197000,
0x00000225f8198000, 0x00000225f8199800, 0x00000225f819d800, 0x00000225f819e800,
0x00000225f81ad800, 0x00000225f8c4c800, 0x00000225fa674800, 0x00000225fa626000,
0x00000225fa43c000, 0x00000225fb7a4800, 0x00000225f9c0a800, 0x00000225f9943000,
0x00000225f8e20000, 0x00000225f8e21800, 0x00000225fab39800, 0x00000225f9a9e000,
0x00000225f9a98800, 0x00000225f9a9a000, 0x00000225f9a9a800, 0x00000225f9a9f000,
0x00000225f9a9c800, 0x00000225f9a9b800, 0x00000225f9a9d000, 0x00000225f9a99000,
0x00000225fb27c800, 0x00000225fb27d800, 0x00000225fb27e800, 0x00000225fb27c000,
0x00000225fb278800, 0x00000225fb27a800, 0x00000225fb2df800, 0x00000225fb2df000,
0x00000225fb2e1800, 0x00000225fb2e0800, 0x00000225fb2e2000, 0x00000225fb2dd000,
0x00000225fb2e3000, 0x00000225fb2de000, 0x00000225fb2e8800, 0x00000225fb2e6000,
0x00000225fb2e3800, 0x00000225fb2e9800, 0x00000225fb2e5800, 0x00000225fb2e7000,
0x00000225fb2ea800, 0x00000225fb2e8000, 0x00000225fb2e4800, 0x00000225fb2ec000,
0x00000225fb2eb000, 0x00000225fae6a800, 0x00000225fae6b800, 0x00000225fae69800
}

Java Threads: ( => current thread )
  0x00000225de2af800 JavaThread "main" [_thread_blocked, id=40004, stack(0x000000640db00000,0x000000640dc00000)]
  0x00000225f8175000 JavaThread "Reference Handler" daemon [_thread_blocked, id=16428, stack(0x000000640e200000,0x000000640e300000)]
  0x00000225f817f800 JavaThread "Finalizer" daemon [_thread_blocked, id=43688, stack(0x000000640e300000,0x000000640e400000)]
  0x00000225f8197000 JavaThread "Signal Dispatcher" daemon [_thread_blocked, id=47476, stack(0x000000640e400000,0x000000640e500000)]
  0x00000225f8198000 JavaThread "Attach Listener" daemon [_thread_blocked, id=47320, stack(0x000000640e500000,0x000000640e600000)]
  0x00000225f8199800 JavaThread "Service Thread" daemon [_thread_blocked, id=8528, stack(0x000000640e600000,0x000000640e700000)]
=>0x00000225f819d800 JavaThread "C2 CompilerThread0" daemon [_thread_in_native, id=52500, stack(0x000000640e700000,0x000000640e800000)]
  0x00000225f819e800 JavaThread "C1 CompilerThread0" daemon [_thread_blocked, id=29916, stack(0x000000640e800000,0x000000640e900000)]
  0x00000225f81ad800 JavaThread "Sweeper thread" daemon [_thread_blocked, id=38068, stack(0x000000640e900000,0x000000640ea00000)]
  0x00000225f8c4c800 JavaThread "Common-Cleaner" daemon [_thread_blocked, id=21568, stack(0x000000640ea00000,0x000000640eb00000)]
  0x00000225fa674800 JavaThread "Daemon health stats" [_thread_blocked, id=45280, stack(0x000000640ef00000,0x000000640f000000)]
  0x00000225fa626000 JavaThread "Incoming local TCP Connector on port 61939" [_thread_in_native, id=52244, stack(0x000000640f000000,0x000000640f100000)]
  0x00000225fa43c000 JavaThread "Daemon periodic checks" [_thread_blocked, id=49464, stack(0x000000640f100000,0x000000640f200000)]
  0x00000225fb7a4800 JavaThread "Daemon" [_thread_blocked, id=8532, stack(0x000000640f200000,0x000000640f300000)]
  0x00000225f9c0a800 JavaThread "Handler for socket connection from /127.0.0.1:61939 to /127.0.0.1:61940" [_thread_in_native, id=44524, stack(0x000000640f300000,0x000000640f400000)]
  0x00000225f9943000 JavaThread "Cancel handler" [_thread_blocked, id=39040, stack(0x000000640f400000,0x000000640f500000)]
  0x00000225f8e20000 JavaThread "Daemon worker" [_thread_in_vm, id=52860, stack(0x000000640f500000,0x000000640f600000)]
  0x00000225f8e21800 JavaThread "Asynchronous log dispatcher for DefaultDaemonConnection: socket connection from /127.0.0.1:61939 to /127.0.0.1:61940" [_thread_blocked, id=46828, stack(0x000000640f600000,0x000000640f700000)]
  0x00000225fab39800 JavaThread "Stdin handler" [_thread_blocked, id=16832, stack(0x000000640f700000,0x000000640f800000)]
  0x00000225f9a9e000 JavaThread "Daemon client event forwarder" [_thread_blocked, id=52908, stack(0x000000640f800000,0x000000640f900000)]
  0x00000225f9a98800 JavaThread "Cache worker for journal cache (C:\Users\Noel Christian S\.gradle\caches\journal-1)" [_thread_blocked, id=48032, stack(0x000000640f900000,0x000000640fa00000)]
  0x00000225f9a9a000 JavaThread "File lock request listener" [_thread_in_native, id=40712, stack(0x000000640fa00000,0x000000640fb00000)]
  0x00000225f9a9a800 JavaThread "Cache worker for file hash cache (C:\Users\Noel Christian S\.gradle\caches\7.5.1\fileHashes)" [_thread_blocked, id=51756, stack(0x000000640fb00000,0x000000640fc00000)]
  0x00000225f9a9f000 JavaThread "File watcher server" daemon [_thread_in_native, id=2840, stack(0x000000640fc00000,0x000000640fd00000)]
  0x00000225f9a9c800 JavaThread "File watcher consumer" daemon [_thread_blocked, id=26000, stack(0x000000640fd00000,0x000000640fe00000)]
  0x00000225f9a9b800 JavaThread "Cache worker for checksums cache (D:\FILE DEBORA\semester 5\APAP\TK\ta_b_den_69\rumahsehat\.gradle\7.5.1\checksums)" [_thread_blocked, id=36004, stack(0x000000640fe00000,0x000000640ff00000)]
  0x00000225f9a9d000 JavaThread "Cache worker for cache directory md-rule (C:\Users\Noel Christian S\.gradle\caches\7.5.1\md-rule)" [_thread_blocked, id=43608, stack(0x000000640ff00000,0x0000006410000000)]
  0x00000225f9a99000 JavaThread "Cache worker for file content cache (C:\Users\Noel Christian S\.gradle\caches\7.5.1\fileContent)" [_thread_blocked, id=34616, stack(0x0000006410000000,0x0000006410100000)]
  0x00000225fb27c800 JavaThread "Cache worker for file hash cache (D:\FILE DEBORA\semester 5\APAP\TK\ta_b_den_69\rumahsehat\.gradle\7.5.1\fileHashes)" [_thread_blocked, id=5892, stack(0x0000006410100000,0x0000006410200000)]
  0x00000225fb27d800 JavaThread "Cache worker for cache directory md-supplier (C:\Users\Noel Christian S\.gradle\caches\7.5.1\md-supplier)" [_thread_blocked, id=29468, stack(0x0000006410200000,0x0000006410300000)]
  0x00000225fb27e800 JavaThread "Cache worker for execution history cache (C:\Users\Noel Christian S\.gradle\caches\7.5.1\executionHistory)" [_thread_blocked, id=44276, stack(0x0000006410300000,0x0000006410400000)]
  0x00000225fb27c000 JavaThread "jar transforms" [_thread_blocked, id=51980, stack(0x0000006410400000,0x0000006410500000)]
  0x00000225fb278800 JavaThread "jar transforms Thread 2" [_thread_blocked, id=52492, stack(0x0000006410500000,0x0000006410600000)]
  0x00000225fb27a800 JavaThread "jar transforms Thread 3" [_thread_blocked, id=46672, stack(0x0000006410600000,0x0000006410700000)]
  0x00000225fb2df800 JavaThread "jar transforms Thread 4" [_thread_blocked, id=2828, stack(0x0000006410700000,0x0000006410800000)]
  0x00000225fb2df000 JavaThread "Cache worker for dependencies-accessors (D:\FILE DEBORA\semester 5\APAP\TK\ta_b_den_69\rumahsehat\.gradle\7.5.1\dependencies-accessors)" [_thread_blocked, id=47200, stack(0x0000006410800000,0x0000006410900000)]
  0x00000225fb2e1800 JavaThread "Cache worker for Build Output Cleanup Cache (D:\FILE DEBORA\semester 5\APAP\TK\ta_b_den_69\rumahsehat\.gradle\buildOutputCleanup)" [_thread_blocked, id=43152, stack(0x0000006410900000,0x0000006410a00000)]
  0x00000225fb2e0800 JavaThread "Unconstrained build operations" [_thread_blocked, id=36708, stack(0x0000006410a00000,0x0000006410b00000)]
  0x00000225fb2e2000 JavaThread "Unconstrained build operations Thread 2" [_thread_blocked, id=43456, stack(0x0000006410b00000,0x0000006410c00000)]
  0x00000225fb2dd000 JavaThread "Unconstrained build operations Thread 3" [_thread_blocked, id=29836, stack(0x0000006410c00000,0x0000006410d00000)]
  0x00000225fb2e3000 JavaThread "Unconstrained build operations Thread 4" [_thread_blocked, id=48868, stack(0x0000006410d00000,0x0000006410e00000)]
  0x00000225fb2de000 JavaThread "Unconstrained build operations Thread 5" [_thread_blocked, id=18400, stack(0x0000006410e00000,0x0000006410f00000)]
  0x00000225fb2e8800 JavaThread "Unconstrained build operations Thread 6" [_thread_blocked, id=48100, stack(0x0000006410f00000,0x0000006411000000)]
  0x00000225fb2e6000 JavaThread "Unconstrained build operations Thread 7" [_thread_blocked, id=52552, stack(0x0000006411000000,0x0000006411100000)]
  0x00000225fb2e3800 JavaThread "Unconstrained build operations Thread 8" [_thread_blocked, id=46424, stack(0x0000006411100000,0x0000006411200000)]
  0x00000225fb2e9800 JavaThread "Unconstrained build operations Thread 9" [_thread_blocked, id=51944, stack(0x0000006411200000,0x0000006411300000)]
  0x00000225fb2e5800 JavaThread "Unconstrained build operations Thread 10" [_thread_blocked, id=38796, stack(0x0000006411300000,0x0000006411400000)]
  0x00000225fb2e7000 JavaThread "Unconstrained build operations Thread 11" [_thread_blocked, id=53244, stack(0x0000006411400000,0x0000006411500000)]
  0x00000225fb2ea800 JavaThread "Unconstrained build operations Thread 12" [_thread_blocked, id=47300, stack(0x0000006411500000,0x0000006411600000)]
  0x00000225fb2e8000 JavaThread "Unconstrained build operations Thread 13" [_thread_blocked, id=52556, stack(0x0000006411600000,0x0000006411700000)]
  0x00000225fb2e4800 JavaThread "Unconstrained build operations Thread 14" [_thread_blocked, id=51676, stack(0x0000006411700000,0x0000006411800000)]
  0x00000225fb2ec000 JavaThread "Unconstrained build operations Thread 15" [_thread_blocked, id=50972, stack(0x0000006411800000,0x0000006411900000)]
  0x00000225fb2eb000 JavaThread "Unconstrained build operations Thread 16" [_thread_blocked, id=31512, stack(0x0000006411900000,0x0000006411a00000)]
  0x00000225fae6a800 JavaThread "Unconstrained build operations Thread 17" [_thread_blocked, id=46152, stack(0x0000006411a00000,0x0000006411b00000)]
  0x00000225fae6b800 JavaThread "Unconstrained build operations Thread 18" [_thread_blocked, id=36440, stack(0x0000006411b00000,0x0000006411c00000)]
  0x00000225fae69800 JavaThread "Unconstrained build operations Thread 19" [_thread_blocked, id=45368, stack(0x0000006411c00000,0x0000006411d00000)]

Other Threads:
  0x00000225f814d800 VMThread "VM Thread" [stack: 0x000000640e100000,0x000000640e200000] [id=49316]
  0x00000225f8ca8000 WatcherThread [stack: 0x000000640eb00000,0x000000640ec00000] [id=50612]
  0x00000225de2c5800 GCTaskThread "GC Thread#0" [stack: 0x000000640dc00000,0x000000640dd00000] [id=29768]
  0x00000225f8e28000 GCTaskThread "GC Thread#1" [stack: 0x000000640ec00000,0x000000640ed00000] [id=50836]
  0x00000225f96ad800 GCTaskThread "GC Thread#2" [stack: 0x000000640ed00000,0x000000640ee00000] [id=47960]
  0x00000225f96ae800 GCTaskThread "GC Thread#3" [stack: 0x000000640ee00000,0x000000640ef00000] [id=37172]
  0x00000225de2d7800 ConcurrentGCThread "G1 Main Marker" [stack: 0x000000640dd00000,0x000000640de00000] [id=49168]
  0x00000225de2d8800 ConcurrentGCThread "G1 Conc#0" [stack: 0x000000640de00000,0x000000640df00000] [id=43768]
  0x00000225de38e800 ConcurrentGCThread "G1 Refine#0" [stack: 0x000000640df00000,0x000000640e000000] [id=36648]
  0x00000225f7fed000 ConcurrentGCThread "G1 Young RemSet Sampling" [stack: 0x000000640e000000,0x000000640e100000] [id=24152]

Threads with active compile tasks:
C2 CompilerThread0    27196 4329       4       java.lang.invoke.MethodType::makeImpl (108 bytes)

VM state:not at safepoint (normal execution)

VM Mutex/Monitor currently owned by a thread: None

Heap address: 0x00000000e0000000, size: 512 MB, Compressed Oops mode: 32-bit
Narrow klass base: 0x0000000000000000, Narrow klass shift: 3
Compressed class space size: 260046848 Address: 0x0000000100000000

Heap:
 garbage-first heap   total 262144K, used 40946K [0x00000000e0000000, 0x0000000100000000)
  region size 1024K, 28 young (28672K), 17 survivors (17408K)
 Metaspace       used 48023K, capacity 49239K, committed 49280K, reserved 296960K
  class space    used 6259K, capacity 6769K, committed 6784K, reserved 253952K
Heap Regions: E=young(eden), S=young(survivor), O=old, HS=humongous(starts), HC=humongous(continues), CS=collection set, F=free, A=archive, TAMS=top-at-mark-start (previous, next)
|   0|0x00000000e0000000, 0x00000000e0100000, 0x00000000e0100000|100%|HS|  |TAMS 0x00000000e0100000, 0x00000000e0000000| Complete 
|   1|0x00000000e0100000, 0x00000000e0200000, 0x00000000e0200000|100%|HC|  |TAMS 0x00000000e0200000, 0x00000000e0100000| Complete 
|   2|0x00000000e0200000, 0x00000000e0300000, 0x00000000e0300000|100%|HC|  |TAMS 0x00000000e0300000, 0x00000000e0200000| Complete 
|   3|0x00000000e0300000, 0x00000000e0400000, 0x00000000e0400000|100%| O|  |TAMS 0x00000000e0400000, 0x00000000e0300000| Untracked 
|   4|0x00000000e0400000, 0x00000000e0500000, 0x00000000e0500000|100%| O|  |TAMS 0x00000000e0500000, 0x00000000e0400000| Untracked 
|   5|0x00000000e0500000, 0x00000000e0600000, 0x00000000e0600000|100%| O|  |TAMS 0x00000000e0600000, 0x00000000e0500000| Untracked 
|   6|0x00000000e0600000, 0x00000000e0700000, 0x00000000e0700000|100%| O|  |TAMS 0x00000000e0700000, 0x00000000e0600000| Untracked 
|   7|0x00000000e0700000, 0x00000000e0800000, 0x00000000e0800000|100%| O|  |TAMS 0x00000000e0800000, 0x00000000e0700000| Untracked 
|   8|0x00000000e0800000, 0x00000000e0900000, 0x00000000e0900000|100%| O|  |TAMS 0x00000000e0900000, 0x00000000e0800000| Untracked 
|   9|0x00000000e0900000, 0x00000000e0a00000, 0x00000000e0a00000|100%| O|  |TAMS 0x00000000e0a00000, 0x00000000e0900000| Untracked 
|  10|0x00000000e0a00000, 0x00000000e0b00000, 0x00000000e0b00000|100%| O|  |TAMS 0x00000000e0b00000, 0x00000000e0a00000| Untracked 
|  11|0x00000000e0b00000, 0x00000000e0c00000, 0x00000000e0c00000|100%| O|  |TAMS 0x00000000e0c00000, 0x00000000e0b00000| Untracked 
|  12|0x00000000e0c00000, 0x00000000e0d00000, 0x00000000e0d00000|100%| O|  |TAMS 0x00000000e0d00000, 0x00000000e0c00000| Untracked 
|  13|0x00000000e0d00000, 0x00000000e0d86a00, 0x00000000e0e00000| 52%| O|  |TAMS 0x00000000e0d86a00, 0x00000000e0d00000| Untracked 
|  14|0x00000000e0e00000, 0x00000000e0e00000, 0x00000000e0f00000|  0%| F|  |TAMS 0x00000000e0e00000, 0x00000000e0e00000| Untracked 
|  15|0x00000000e0f00000, 0x00000000e0f00000, 0x00000000e1000000|  0%| F|  |TAMS 0x00000000e0f00000, 0x00000000e0f00000| Untracked 
|  16|0x00000000e1000000, 0x00000000e1000000, 0x00000000e1100000|  0%| F|  |TAMS 0x00000000e1000000, 0x00000000e1000000| Untracked 
|  17|0x00000000e1100000, 0x00000000e1100000, 0x00000000e1200000|  0%| F|  |TAMS 0x00000000e1100000, 0x00000000e1100000| Untracked 
|  18|0x00000000e1200000, 0x00000000e1200000, 0x00000000e1300000|  0%| F|  |TAMS 0x00000000e1200000, 0x00000000e1200000| Untracked 
|  19|0x00000000e1300000, 0x00000000e1300000, 0x00000000e1400000|  0%| F|  |TAMS 0x00000000e1300000, 0x00000000e1300000| Untracked 
|  20|0x00000000e1400000, 0x00000000e1400000, 0x00000000e1500000|  0%| F|  |TAMS 0x00000000e1400000, 0x00000000e1400000| Untracked 
|  21|0x00000000e1500000, 0x00000000e1500000, 0x00000000e1600000|  0%| F|  |TAMS 0x00000000e1500000, 0x00000000e1500000| Untracked 
|  22|0x00000000e1600000, 0x00000000e1600000, 0x00000000e1700000|  0%| F|  |TAMS 0x00000000e1600000, 0x00000000e1600000| Untracked 
|  23|0x00000000e1700000, 0x00000000e1700000, 0x00000000e1800000|  0%| F|  |TAMS 0x00000000e1700000, 0x00000000e1700000| Untracked 
|  24|0x00000000e1800000, 0x00000000e1800000, 0x00000000e1900000|  0%| F|  |TAMS 0x00000000e1800000, 0x00000000e1800000| Untracked 
|  25|0x00000000e1900000, 0x00000000e1900000, 0x00000000e1a00000|  0%| F|  |TAMS 0x00000000e1900000, 0x00000000e1900000| Untracked 
|  26|0x00000000e1a00000, 0x00000000e1a00000, 0x00000000e1b00000|  0%| F|  |TAMS 0x00000000e1a00000, 0x00000000e1a00000| Untracked 
|  27|0x00000000e1b00000, 0x00000000e1b00000, 0x00000000e1c00000|  0%| F|  |TAMS 0x00000000e1b00000, 0x00000000e1b00000| Untracked 
|  28|0x00000000e1c00000, 0x00000000e1c00000, 0x00000000e1d00000|  0%| F|  |TAMS 0x00000000e1c00000, 0x00000000e1c00000| Untracked 
|  29|0x00000000e1d00000, 0x00000000e1d00000, 0x00000000e1e00000|  0%| F|  |TAMS 0x00000000e1d00000, 0x00000000e1d00000| Untracked 
|  30|0x00000000e1e00000, 0x00000000e1e00000, 0x00000000e1f00000|  0%| F|  |TAMS 0x00000000e1e00000, 0x00000000e1e00000| Untracked 
|  31|0x00000000e1f00000, 0x00000000e1f00000, 0x00000000e2000000|  0%| F|  |TAMS 0x00000000e1f00000, 0x00000000e1f00000| Untracked 
|  32|0x00000000e2000000, 0x00000000e2000000, 0x00000000e2100000|  0%| F|  |TAMS 0x00000000e2000000, 0x00000000e2000000| Untracked 
|  33|0x00000000e2100000, 0x00000000e2100000, 0x00000000e2200000|  0%| F|  |TAMS 0x00000000e2100000, 0x00000000e2100000| Untracked 
|  34|0x00000000e2200000, 0x00000000e2200000, 0x00000000e2300000|  0%| F|  |TAMS 0x00000000e2200000, 0x00000000e2200000| Untracked 
|  35|0x00000000e2300000, 0x00000000e2300000, 0x00000000e2400000|  0%| F|  |TAMS 0x00000000e2300000, 0x00000000e2300000| Untracked 
|  36|0x00000000e2400000, 0x00000000e2400000, 0x00000000e2500000|  0%| F|  |TAMS 0x00000000e2400000, 0x00000000e2400000| Untracked 
|  37|0x00000000e2500000, 0x00000000e2500000, 0x00000000e2600000|  0%| F|  |TAMS 0x00000000e2500000, 0x00000000e2500000| Untracked 
|  38|0x00000000e2600000, 0x00000000e2600000, 0x00000000e2700000|  0%| F|  |TAMS 0x00000000e2600000, 0x00000000e2600000| Untracked 
|  39|0x00000000e2700000, 0x00000000e2700000, 0x00000000e2800000|  0%| F|  |TAMS 0x00000000e2700000, 0x00000000e2700000| Untracked 
|  40|0x00000000e2800000, 0x00000000e2800000, 0x00000000e2900000|  0%| F|  |TAMS 0x00000000e2800000, 0x00000000e2800000| Untracked 
|  41|0x00000000e2900000, 0x00000000e2900000, 0x00000000e2a00000|  0%| F|  |TAMS 0x00000000e2900000, 0x00000000e2900000| Untracked 
|  42|0x00000000e2a00000, 0x00000000e2a00000, 0x00000000e2b00000|  0%| F|  |TAMS 0x00000000e2a00000, 0x00000000e2a00000| Untracked 
|  43|0x00000000e2b00000, 0x00000000e2b00000, 0x00000000e2c00000|  0%| F|  |TAMS 0x00000000e2b00000, 0x00000000e2b00000| Untracked 
|  44|0x00000000e2c00000, 0x00000000e2c00000, 0x00000000e2d00000|  0%| F|  |TAMS 0x00000000e2c00000, 0x00000000e2c00000| Untracked 
|  45|0x00000000e2d00000, 0x00000000e2d00000, 0x00000000e2e00000|  0%| F|  |TAMS 0x00000000e2d00000, 0x00000000e2d00000| Untracked 
|  46|0x00000000e2e00000, 0x00000000e2e00000, 0x00000000e2f00000|  0%| F|  |TAMS 0x00000000e2e00000, 0x00000000e2e00000| Untracked 
|  47|0x00000000e2f00000, 0x00000000e2f00000, 0x00000000e3000000|  0%| F|  |TAMS 0x00000000e2f00000, 0x00000000e2f00000| Untracked 
|  48|0x00000000e3000000, 0x00000000e3000000, 0x00000000e3100000|  0%| F|  |TAMS 0x00000000e3000000, 0x00000000e3000000| Untracked 
|  49|0x00000000e3100000, 0x00000000e3100000, 0x00000000e3200000|  0%| F|  |TAMS 0x00000000e3100000, 0x00000000e3100000| Untracked 
|  50|0x00000000e3200000, 0x00000000e3200000, 0x00000000e3300000|  0%| F|  |TAMS 0x00000000e3200000, 0x00000000e3200000| Untracked 
|  51|0x00000000e3300000, 0x00000000e3300000, 0x00000000e3400000|  0%| F|  |TAMS 0x00000000e3300000, 0x00000000e3300000| Untracked 
|  52|0x00000000e3400000, 0x00000000e3400000, 0x00000000e3500000|  0%| F|  |TAMS 0x00000000e3400000, 0x00000000e3400000| Untracked 
|  53|0x00000000e3500000, 0x00000000e3500000, 0x00000000e3600000|  0%| F|  |TAMS 0x00000000e3500000, 0x00000000e3500000| Untracked 
|  54|0x00000000e3600000, 0x00000000e3600000, 0x00000000e3700000|  0%| F|  |TAMS 0x00000000e3600000, 0x00000000e3600000| Untracked 
|  55|0x00000000e3700000, 0x00000000e3700000, 0x00000000e3800000|  0%| F|  |TAMS 0x00000000e3700000, 0x00000000e3700000| Untracked 
|  56|0x00000000e3800000, 0x00000000e3800000, 0x00000000e3900000|  0%| F|  |TAMS 0x00000000e3800000, 0x00000000e3800000| Untracked 
|  57|0x00000000e3900000, 0x00000000e3900000, 0x00000000e3a00000|  0%| F|  |TAMS 0x00000000e3900000, 0x00000000e3900000| Untracked 
|  58|0x00000000e3a00000, 0x00000000e3a00000, 0x00000000e3b00000|  0%| F|  |TAMS 0x00000000e3a00000, 0x00000000e3a00000| Untracked 
|  59|0x00000000e3b00000, 0x00000000e3b00000, 0x00000000e3c00000|  0%| F|  |TAMS 0x00000000e3b00000, 0x00000000e3b00000| Untracked 
|  60|0x00000000e3c00000, 0x00000000e3c00000, 0x00000000e3d00000|  0%| F|  |TAMS 0x00000000e3c00000, 0x00000000e3c00000| Untracked 
|  61|0x00000000e3d00000, 0x00000000e3d00000, 0x00000000e3e00000|  0%| F|  |TAMS 0x00000000e3d00000, 0x00000000e3d00000| Untracked 
|  62|0x00000000e3e00000, 0x00000000e3e00000, 0x00000000e3f00000|  0%| F|  |TAMS 0x00000000e3e00000, 0x00000000e3e00000| Untracked 
|  63|0x00000000e3f00000, 0x00000000e3f00000, 0x00000000e4000000|  0%| F|  |TAMS 0x00000000e3f00000, 0x00000000e3f00000| Untracked 
|  64|0x00000000e4000000, 0x00000000e4000000, 0x00000000e4100000|  0%| F|  |TAMS 0x00000000e4000000, 0x00000000e4000000| Untracked 
|  65|0x00000000e4100000, 0x00000000e4100000, 0x00000000e4200000|  0%| F|  |TAMS 0x00000000e4100000, 0x00000000e4100000| Untracked 
|  66|0x00000000e4200000, 0x00000000e4200000, 0x00000000e4300000|  0%| F|  |TAMS 0x00000000e4200000, 0x00000000e4200000| Untracked 
|  67|0x00000000e4300000, 0x00000000e4300000, 0x00000000e4400000|  0%| F|  |TAMS 0x00000000e4300000, 0x00000000e4300000| Untracked 
|  68|0x00000000e4400000, 0x00000000e4400000, 0x00000000e4500000|  0%| F|  |TAMS 0x00000000e4400000, 0x00000000e4400000| Untracked 
|  69|0x00000000e4500000, 0x00000000e4500000, 0x00000000e4600000|  0%| F|  |TAMS 0x00000000e4500000, 0x00000000e4500000| Untracked 
|  70|0x00000000e4600000, 0x00000000e4600000, 0x00000000e4700000|  0%| F|  |TAMS 0x00000000e4600000, 0x00000000e4600000| Untracked 
|  71|0x00000000e4700000, 0x00000000e4700000, 0x00000000e4800000|  0%| F|  |TAMS 0x00000000e4700000, 0x00000000e4700000| Untracked 
|  72|0x00000000e4800000, 0x00000000e4800000, 0x00000000e4900000|  0%| F|  |TAMS 0x00000000e4800000, 0x00000000e4800000| Untracked 
|  73|0x00000000e4900000, 0x00000000e4900000, 0x00000000e4a00000|  0%| F|  |TAMS 0x00000000e4900000, 0x00000000e4900000| Untracked 
|  74|0x00000000e4a00000, 0x00000000e4a00000, 0x00000000e4b00000|  0%| F|  |TAMS 0x00000000e4a00000, 0x00000000e4a00000| Untracked 
|  75|0x00000000e4b00000, 0x00000000e4b00000, 0x00000000e4c00000|  0%| F|  |TAMS 0x00000000e4b00000, 0x00000000e4b00000| Untracked 
|  76|0x00000000e4c00000, 0x00000000e4c00000, 0x00000000e4d00000|  0%| F|  |TAMS 0x00000000e4c00000, 0x00000000e4c00000| Untracked 
|  77|0x00000000e4d00000, 0x00000000e4d00000, 0x00000000e4e00000|  0%| F|  |TAMS 0x00000000e4d00000, 0x00000000e4d00000| Untracked 
|  78|0x00000000e4e00000, 0x00000000e4e00000, 0x00000000e4f00000|  0%| F|  |TAMS 0x00000000e4e00000, 0x00000000e4e00000| Untracked 
|  79|0x00000000e4f00000, 0x00000000e4f00000, 0x00000000e5000000|  0%| F|  |TAMS 0x00000000e4f00000, 0x00000000e4f00000| Untracked 
|  80|0x00000000e5000000, 0x00000000e5000000, 0x00000000e5100000|  0%| F|  |TAMS 0x00000000e5000000, 0x00000000e5000000| Untracked 
|  81|0x00000000e5100000, 0x00000000e5100000, 0x00000000e5200000|  0%| F|  |TAMS 0x00000000e5100000, 0x00000000e5100000| Untracked 
|  82|0x00000000e5200000, 0x00000000e5200000, 0x00000000e5300000|  0%| F|  |TAMS 0x00000000e5200000, 0x00000000e5200000| Untracked 
|  83|0x00000000e5300000, 0x00000000e5300000, 0x00000000e5400000|  0%| F|  |TAMS 0x00000000e5300000, 0x00000000e5300000| Untracked 
|  84|0x00000000e5400000, 0x00000000e5400000, 0x00000000e5500000|  0%| F|  |TAMS 0x00000000e5400000, 0x00000000e5400000| Untracked 
|  85|0x00000000e5500000, 0x00000000e5500000, 0x00000000e5600000|  0%| F|  |TAMS 0x00000000e5500000, 0x00000000e5500000| Untracked 
|  86|0x00000000e5600000, 0x00000000e5600000, 0x00000000e5700000|  0%| F|  |TAMS 0x00000000e5600000, 0x00000000e5600000| Untracked 
|  87|0x00000000e5700000, 0x00000000e5700000, 0x00000000e5800000|  0%| F|  |TAMS 0x00000000e5700000, 0x00000000e5700000| Untracked 
|  88|0x00000000e5800000, 0x00000000e5800000, 0x00000000e5900000|  0%| F|  |TAMS 0x00000000e5800000, 0x00000000e5800000| Untracked 
|  89|0x00000000e5900000, 0x00000000e5900000, 0x00000000e5a00000|  0%| F|  |TAMS 0x00000000e5900000, 0x00000000e5900000| Untracked 
|  90|0x00000000e5a00000, 0x00000000e5a00000, 0x00000000e5b00000|  0%| F|  |TAMS 0x00000000e5a00000, 0x00000000e5a00000| Untracked 
|  91|0x00000000e5b00000, 0x00000000e5b00000, 0x00000000e5c00000|  0%| F|  |TAMS 0x00000000e5b00000, 0x00000000e5b00000| Untracked 
|  92|0x00000000e5c00000, 0x00000000e5c00000, 0x00000000e5d00000|  0%| F|  |TAMS 0x00000000e5c00000, 0x00000000e5c00000| Untracked 
|  93|0x00000000e5d00000, 0x00000000e5d75e28, 0x00000000e5e00000| 46%| S|CS|TAMS 0x00000000e5d00000, 0x00000000e5d00000| Complete 
|  94|0x00000000e5e00000, 0x00000000e5f00000, 0x00000000e5f00000|100%| S|CS|TAMS 0x00000000e5e00000, 0x00000000e5e00000| Complete 
|  95|0x00000000e5f00000, 0x00000000e6000000, 0x00000000e6000000|100%| S|CS|TAMS 0x00000000e5f00000, 0x00000000e5f00000| Complete 
|  96|0x00000000e6000000, 0x00000000e6100000, 0x00000000e6100000|100%| S|CS|TAMS 0x00000000e6000000, 0x00000000e6000000| Complete 
|  97|0x00000000e6100000, 0x00000000e6200000, 0x00000000e6200000|100%| S|CS|TAMS 0x00000000e6100000, 0x00000000e6100000| Complete 
|  98|0x00000000e6200000, 0x00000000e6300000, 0x00000000e6300000|100%| S|CS|TAMS 0x00000000e6200000, 0x00000000e6200000| Complete 
|  99|0x00000000e6300000, 0x00000000e6400000, 0x00000000e6400000|100%| S|CS|TAMS 0x00000000e6300000, 0x00000000e6300000| Complete 
| 100|0x00000000e6400000, 0x00000000e6500000, 0x00000000e6500000|100%| S|CS|TAMS 0x00000000e6400000, 0x00000000e6400000| Complete 
| 101|0x00000000e6500000, 0x00000000e6600000, 0x00000000e6600000|100%| S|CS|TAMS 0x00000000e6500000, 0x00000000e6500000| Complete 
| 102|0x00000000e6600000, 0x00000000e6700000, 0x00000000e6700000|100%| S|CS|TAMS 0x00000000e6600000, 0x00000000e6600000| Complete 
| 103|0x00000000e6700000, 0x00000000e6800000, 0x00000000e6800000|100%| S|CS|TAMS 0x00000000e6700000, 0x00000000e6700000| Complete 
| 104|0x00000000e6800000, 0x00000000e6900000, 0x00000000e6900000|100%| S|CS|TAMS 0x00000000e6800000, 0x00000000e6800000| Complete 
| 105|0x00000000e6900000, 0x00000000e6a00000, 0x00000000e6a00000|100%| S|CS|TAMS 0x00000000e6900000, 0x00000000e6900000| Complete 
| 106|0x00000000e6a00000, 0x00000000e6b00000, 0x00000000e6b00000|100%| S|CS|TAMS 0x00000000e6a00000, 0x00000000e6a00000| Complete 
| 107|0x00000000e6b00000, 0x00000000e6c00000, 0x00000000e6c00000|100%| S|CS|TAMS 0x00000000e6b00000, 0x00000000e6b00000| Complete 
| 108|0x00000000e6c00000, 0x00000000e6d00000, 0x00000000e6d00000|100%| S|CS|TAMS 0x00000000e6c00000, 0x00000000e6c00000| Complete 
| 109|0x00000000e6d00000, 0x00000000e6e00000, 0x00000000e6e00000|100%| S|CS|TAMS 0x00000000e6d00000, 0x00000000e6d00000| Complete 
| 110|0x00000000e6e00000, 0x00000000e6e00000, 0x00000000e6f00000|  0%| F|  |TAMS 0x00000000e6e00000, 0x00000000e6e00000| Untracked 
| 111|0x00000000e6f00000, 0x00000000e6f00000, 0x00000000e7000000|  0%| F|  |TAMS 0x00000000e6f00000, 0x00000000e6f00000| Untracked 
| 112|0x00000000e7000000, 0x00000000e7000000, 0x00000000e7100000|  0%| F|  |TAMS 0x00000000e7000000, 0x00000000e7000000| Untracked 
| 113|0x00000000e7100000, 0x00000000e7100000, 0x00000000e7200000|  0%| F|  |TAMS 0x00000000e7100000, 0x00000000e7100000| Untracked 
| 114|0x00000000e7200000, 0x00000000e7200000, 0x00000000e7300000|  0%| F|  |TAMS 0x00000000e7200000, 0x00000000e7200000| Untracked 
| 115|0x00000000e7300000, 0x00000000e7300000, 0x00000000e7400000|  0%| F|  |TAMS 0x00000000e7300000, 0x00000000e7300000| Untracked 
| 116|0x00000000e7400000, 0x00000000e7400000, 0x00000000e7500000|  0%| F|  |TAMS 0x00000000e7400000, 0x00000000e7400000| Untracked 
| 117|0x00000000e7500000, 0x00000000e7500000, 0x00000000e7600000|  0%| F|  |TAMS 0x00000000e7500000, 0x00000000e7500000| Untracked 
| 118|0x00000000e7600000, 0x00000000e7600000, 0x00000000e7700000|  0%| F|  |TAMS 0x00000000e7600000, 0x00000000e7600000| Untracked 
| 119|0x00000000e7700000, 0x00000000e7700000, 0x00000000e7800000|  0%| F|  |TAMS 0x00000000e7700000, 0x00000000e7700000| Untracked 
| 120|0x00000000e7800000, 0x00000000e7800000, 0x00000000e7900000|  0%| F|  |TAMS 0x00000000e7800000, 0x00000000e7800000| Untracked 
| 121|0x00000000e7900000, 0x00000000e7900000, 0x00000000e7a00000|  0%| F|  |TAMS 0x00000000e7900000, 0x00000000e7900000| Untracked 
| 122|0x00000000e7a00000, 0x00000000e7a00000, 0x00000000e7b00000|  0%| F|  |TAMS 0x00000000e7a00000, 0x00000000e7a00000| Untracked 
| 123|0x00000000e7b00000, 0x00000000e7b00000, 0x00000000e7c00000|  0%| F|  |TAMS 0x00000000e7b00000, 0x00000000e7b00000| Untracked 
| 124|0x00000000e7c00000, 0x00000000e7c00000, 0x00000000e7d00000|  0%| F|  |TAMS 0x00000000e7c00000, 0x00000000e7c00000| Untracked 
| 125|0x00000000e7d00000, 0x00000000e7d00000, 0x00000000e7e00000|  0%| F|  |TAMS 0x00000000e7d00000, 0x00000000e7d00000| Untracked 
| 126|0x00000000e7e00000, 0x00000000e7e00000, 0x00000000e7f00000|  0%| F|  |TAMS 0x00000000e7e00000, 0x00000000e7e00000| Untracked 
| 127|0x00000000e7f00000, 0x00000000e7f00000, 0x00000000e8000000|  0%| F|  |TAMS 0x00000000e7f00000, 0x00000000e7f00000| Untracked 
| 128|0x00000000e8000000, 0x00000000e8000000, 0x00000000e8100000|  0%| F|  |TAMS 0x00000000e8000000, 0x00000000e8000000| Untracked 
| 129|0x00000000e8100000, 0x00000000e8100000, 0x00000000e8200000|  0%| F|  |TAMS 0x00000000e8100000, 0x00000000e8100000| Untracked 
| 130|0x00000000e8200000, 0x00000000e8200000, 0x00000000e8300000|  0%| F|  |TAMS 0x00000000e8200000, 0x00000000e8200000| Untracked 
| 131|0x00000000e8300000, 0x00000000e8300000, 0x00000000e8400000|  0%| F|  |TAMS 0x00000000e8300000, 0x00000000e8300000| Untracked 
| 132|0x00000000e8400000, 0x00000000e8400000, 0x00000000e8500000|  0%| F|  |TAMS 0x00000000e8400000, 0x00000000e8400000| Untracked 
| 133|0x00000000e8500000, 0x00000000e8500000, 0x00000000e8600000|  0%| F|  |TAMS 0x00000000e8500000, 0x00000000e8500000| Untracked 
| 134|0x00000000e8600000, 0x00000000e8600000, 0x00000000e8700000|  0%| F|  |TAMS 0x00000000e8600000, 0x00000000e8600000| Untracked 
| 135|0x00000000e8700000, 0x00000000e8700000, 0x00000000e8800000|  0%| F|  |TAMS 0x00000000e8700000, 0x00000000e8700000| Untracked 
| 136|0x00000000e8800000, 0x00000000e8800000, 0x00000000e8900000|  0%| F|  |TAMS 0x00000000e8800000, 0x00000000e8800000| Untracked 
| 137|0x00000000e8900000, 0x00000000e8900000, 0x00000000e8a00000|  0%| F|  |TAMS 0x00000000e8900000, 0x00000000e8900000| Untracked 
| 138|0x00000000e8a00000, 0x00000000e8a00000, 0x00000000e8b00000|  0%| F|  |TAMS 0x00000000e8a00000, 0x00000000e8a00000| Untracked 
| 139|0x00000000e8b00000, 0x00000000e8b00000, 0x00000000e8c00000|  0%| F|  |TAMS 0x00000000e8b00000, 0x00000000e8b00000| Untracked 
| 140|0x00000000e8c00000, 0x00000000e8c00000, 0x00000000e8d00000|  0%| F|  |TAMS 0x00000000e8c00000, 0x00000000e8c00000| Untracked 
| 141|0x00000000e8d00000, 0x00000000e8d00000, 0x00000000e8e00000|  0%| F|  |TAMS 0x00000000e8d00000, 0x00000000e8d00000| Untracked 
| 142|0x00000000e8e00000, 0x00000000e8e00000, 0x00000000e8f00000|  0%| F|  |TAMS 0x00000000e8e00000, 0x00000000e8e00000| Untracked 
| 143|0x00000000e8f00000, 0x00000000e8f00000, 0x00000000e9000000|  0%| F|  |TAMS 0x00000000e8f00000, 0x00000000e8f00000| Untracked 
| 144|0x00000000e9000000, 0x00000000e9000000, 0x00000000e9100000|  0%| F|  |TAMS 0x00000000e9000000, 0x00000000e9000000| Untracked 
| 145|0x00000000e9100000, 0x00000000e9100000, 0x00000000e9200000|  0%| F|  |TAMS 0x00000000e9100000, 0x00000000e9100000| Untracked 
| 146|0x00000000e9200000, 0x00000000e9200000, 0x00000000e9300000|  0%| F|  |TAMS 0x00000000e9200000, 0x00000000e9200000| Untracked 
| 147|0x00000000e9300000, 0x00000000e9300000, 0x00000000e9400000|  0%| F|  |TAMS 0x00000000e9300000, 0x00000000e9300000| Untracked 
| 148|0x00000000e9400000, 0x00000000e9400000, 0x00000000e9500000|  0%| F|  |TAMS 0x00000000e9400000, 0x00000000e9400000| Untracked 
| 149|0x00000000e9500000, 0x00000000e9500000, 0x00000000e9600000|  0%| F|  |TAMS 0x00000000e9500000, 0x00000000e9500000| Untracked 
| 150|0x00000000e9600000, 0x00000000e9600000, 0x00000000e9700000|  0%| F|  |TAMS 0x00000000e9600000, 0x00000000e9600000| Untracked 
| 151|0x00000000e9700000, 0x00000000e9700000, 0x00000000e9800000|  0%| F|  |TAMS 0x00000000e9700000, 0x00000000e9700000| Untracked 
| 152|0x00000000e9800000, 0x00000000e9800000, 0x00000000e9900000|  0%| F|  |TAMS 0x00000000e9800000, 0x00000000e9800000| Untracked 
| 153|0x00000000e9900000, 0x00000000e9900000, 0x00000000e9a00000|  0%| F|  |TAMS 0x00000000e9900000, 0x00000000e9900000| Untracked 
| 154|0x00000000e9a00000, 0x00000000e9a00000, 0x00000000e9b00000|  0%| F|  |TAMS 0x00000000e9a00000, 0x00000000e9a00000| Untracked 
| 155|0x00000000e9b00000, 0x00000000e9b00000, 0x00000000e9c00000|  0%| F|  |TAMS 0x00000000e9b00000, 0x00000000e9b00000| Untracked 
| 156|0x00000000e9c00000, 0x00000000e9c00000, 0x00000000e9d00000|  0%| F|  |TAMS 0x00000000e9c00000, 0x00000000e9c00000| Untracked 
| 157|0x00000000e9d00000, 0x00000000e9d00000, 0x00000000e9e00000|  0%| F|  |TAMS 0x00000000e9d00000, 0x00000000e9d00000| Untracked 
| 158|0x00000000e9e00000, 0x00000000e9e00000, 0x00000000e9f00000|  0%| F|  |TAMS 0x00000000e9e00000, 0x00000000e9e00000| Untracked 
| 159|0x00000000e9f00000, 0x00000000e9f00000, 0x00000000ea000000|  0%| F|  |TAMS 0x00000000e9f00000, 0x00000000e9f00000| Untracked 
| 160|0x00000000ea000000, 0x00000000ea000000, 0x00000000ea100000|  0%| F|  |TAMS 0x00000000ea000000, 0x00000000ea000000| Untracked 
| 161|0x00000000ea100000, 0x00000000ea100000, 0x00000000ea200000|  0%| F|  |TAMS 0x00000000ea100000, 0x00000000ea100000| Untracked 
| 162|0x00000000ea200000, 0x00000000ea200000, 0x00000000ea300000|  0%| F|  |TAMS 0x00000000ea200000, 0x00000000ea200000| Untracked 
| 163|0x00000000ea300000, 0x00000000ea300000, 0x00000000ea400000|  0%| F|  |TAMS 0x00000000ea300000, 0x00000000ea300000| Untracked 
| 164|0x00000000ea400000, 0x00000000ea400000, 0x00000000ea500000|  0%| F|  |TAMS 0x00000000ea400000, 0x00000000ea400000| Untracked 
| 165|0x00000000ea500000, 0x00000000ea500000, 0x00000000ea600000|  0%| F|  |TAMS 0x00000000ea500000, 0x00000000ea500000| Untracked 
| 166|0x00000000ea600000, 0x00000000ea600000, 0x00000000ea700000|  0%| F|  |TAMS 0x00000000ea600000, 0x00000000ea600000| Untracked 
| 167|0x00000000ea700000, 0x00000000ea700000, 0x00000000ea800000|  0%| F|  |TAMS 0x00000000ea700000, 0x00000000ea700000| Untracked 
| 168|0x00000000ea800000, 0x00000000ea800000, 0x00000000ea900000|  0%| F|  |TAMS 0x00000000ea800000, 0x00000000ea800000| Untracked 
| 169|0x00000000ea900000, 0x00000000ea900000, 0x00000000eaa00000|  0%| F|  |TAMS 0x00000000ea900000, 0x00000000ea900000| Untracked 
| 170|0x00000000eaa00000, 0x00000000eaa00000, 0x00000000eab00000|  0%| F|  |TAMS 0x00000000eaa00000, 0x00000000eaa00000| Untracked 
| 171|0x00000000eab00000, 0x00000000eab00000, 0x00000000eac00000|  0%| F|  |TAMS 0x00000000eab00000, 0x00000000eab00000| Untracked 
| 172|0x00000000eac00000, 0x00000000eac00000, 0x00000000ead00000|  0%| F|  |TAMS 0x00000000eac00000, 0x00000000eac00000| Untracked 
| 173|0x00000000ead00000, 0x00000000ead00000, 0x00000000eae00000|  0%| F|  |TAMS 0x00000000ead00000, 0x00000000ead00000| Untracked 
| 174|0x00000000eae00000, 0x00000000eae00000, 0x00000000eaf00000|  0%| F|  |TAMS 0x00000000eae00000, 0x00000000eae00000| Untracked 
| 175|0x00000000eaf00000, 0x00000000eaf00000, 0x00000000eb000000|  0%| F|  |TAMS 0x00000000eaf00000, 0x00000000eaf00000| Untracked 
| 176|0x00000000eb000000, 0x00000000eb000000, 0x00000000eb100000|  0%| F|  |TAMS 0x00000000eb000000, 0x00000000eb000000| Untracked 
| 177|0x00000000eb100000, 0x00000000eb100000, 0x00000000eb200000|  0%| F|  |TAMS 0x00000000eb100000, 0x00000000eb100000| Untracked 
| 178|0x00000000eb200000, 0x00000000eb200000, 0x00000000eb300000|  0%| F|  |TAMS 0x00000000eb200000, 0x00000000eb200000| Untracked 
| 179|0x00000000eb300000, 0x00000000eb300000, 0x00000000eb400000|  0%| F|  |TAMS 0x00000000eb300000, 0x00000000eb300000| Untracked 
| 180|0x00000000eb400000, 0x00000000eb400000, 0x00000000eb500000|  0%| F|  |TAMS 0x00000000eb400000, 0x00000000eb400000| Untracked 
| 181|0x00000000eb500000, 0x00000000eb500000, 0x00000000eb600000|  0%| F|  |TAMS 0x00000000eb500000, 0x00000000eb500000| Untracked 
| 182|0x00000000eb600000, 0x00000000eb600000, 0x00000000eb700000|  0%| F|  |TAMS 0x00000000eb600000, 0x00000000eb600000| Untracked 
| 183|0x00000000eb700000, 0x00000000eb700000, 0x00000000eb800000|  0%| F|  |TAMS 0x00000000eb700000, 0x00000000eb700000| Untracked 
| 184|0x00000000eb800000, 0x00000000eb800000, 0x00000000eb900000|  0%| F|  |TAMS 0x00000000eb800000, 0x00000000eb800000| Untracked 
| 185|0x00000000eb900000, 0x00000000eb900000, 0x00000000eba00000|  0%| F|  |TAMS 0x00000000eb900000, 0x00000000eb900000| Untracked 
| 186|0x00000000eba00000, 0x00000000eba00000, 0x00000000ebb00000|  0%| F|  |TAMS 0x00000000eba00000, 0x00000000eba00000| Untracked 
| 187|0x00000000ebb00000, 0x00000000ebb00000, 0x00000000ebc00000|  0%| F|  |TAMS 0x00000000ebb00000, 0x00000000ebb00000| Untracked 
| 188|0x00000000ebc00000, 0x00000000ebc00000, 0x00000000ebd00000|  0%| F|  |TAMS 0x00000000ebc00000, 0x00000000ebc00000| Untracked 
| 189|0x00000000ebd00000, 0x00000000ebd00000, 0x00000000ebe00000|  0%| F|  |TAMS 0x00000000ebd00000, 0x00000000ebd00000| Untracked 
| 190|0x00000000ebe00000, 0x00000000ebe00000, 0x00000000ebf00000|  0%| F|  |TAMS 0x00000000ebe00000, 0x00000000ebe00000| Untracked 
| 191|0x00000000ebf00000, 0x00000000ebf00000, 0x00000000ec000000|  0%| F|  |TAMS 0x00000000ebf00000, 0x00000000ebf00000| Untracked 
| 192|0x00000000ec000000, 0x00000000ec000000, 0x00000000ec100000|  0%| F|  |TAMS 0x00000000ec000000, 0x00000000ec000000| Untracked 
| 193|0x00000000ec100000, 0x00000000ec100000, 0x00000000ec200000|  0%| F|  |TAMS 0x00000000ec100000, 0x00000000ec100000| Untracked 
| 194|0x00000000ec200000, 0x00000000ec200000, 0x00000000ec300000|  0%| F|  |TAMS 0x00000000ec200000, 0x00000000ec200000| Untracked 
| 195|0x00000000ec300000, 0x00000000ec300000, 0x00000000ec400000|  0%| F|  |TAMS 0x00000000ec300000, 0x00000000ec300000| Untracked 
| 196|0x00000000ec400000, 0x00000000ec400000, 0x00000000ec500000|  0%| F|  |TAMS 0x00000000ec400000, 0x00000000ec400000| Untracked 
| 197|0x00000000ec500000, 0x00000000ec500000, 0x00000000ec600000|  0%| F|  |TAMS 0x00000000ec500000, 0x00000000ec500000| Untracked 
| 198|0x00000000ec600000, 0x00000000ec600000, 0x00000000ec700000|  0%| F|  |TAMS 0x00000000ec600000, 0x00000000ec600000| Untracked 
| 199|0x00000000ec700000, 0x00000000ec700000, 0x00000000ec800000|  0%| F|  |TAMS 0x00000000ec700000, 0x00000000ec700000| Untracked 
| 200|0x00000000ec800000, 0x00000000ec800000, 0x00000000ec900000|  0%| F|  |TAMS 0x00000000ec800000, 0x00000000ec800000| Untracked 
| 201|0x00000000ec900000, 0x00000000ec900000, 0x00000000eca00000|  0%| F|  |TAMS 0x00000000ec900000, 0x00000000ec900000| Untracked 
| 202|0x00000000eca00000, 0x00000000eca00000, 0x00000000ecb00000|  0%| F|  |TAMS 0x00000000eca00000, 0x00000000eca00000| Untracked 
| 203|0x00000000ecb00000, 0x00000000ecb00000, 0x00000000ecc00000|  0%| F|  |TAMS 0x00000000ecb00000, 0x00000000ecb00000| Untracked 
| 204|0x00000000ecc00000, 0x00000000ecc00000, 0x00000000ecd00000|  0%| F|  |TAMS 0x00000000ecc00000, 0x00000000ecc00000| Untracked 
| 205|0x00000000ecd00000, 0x00000000ecd00000, 0x00000000ece00000|  0%| F|  |TAMS 0x00000000ecd00000, 0x00000000ecd00000| Untracked 
| 206|0x00000000ece00000, 0x00000000ece00000, 0x00000000ecf00000|  0%| F|  |TAMS 0x00000000ece00000, 0x00000000ece00000| Untracked 
| 207|0x00000000ecf00000, 0x00000000ecf00000, 0x00000000ed000000|  0%| F|  |TAMS 0x00000000ecf00000, 0x00000000ecf00000| Untracked 
| 208|0x00000000ed000000, 0x00000000ed000000, 0x00000000ed100000|  0%| F|  |TAMS 0x00000000ed000000, 0x00000000ed000000| Untracked 
| 209|0x00000000ed100000, 0x00000000ed100000, 0x00000000ed200000|  0%| F|  |TAMS 0x00000000ed100000, 0x00000000ed100000| Untracked 
| 210|0x00000000ed200000, 0x00000000ed200000, 0x00000000ed300000|  0%| F|  |TAMS 0x00000000ed200000, 0x00000000ed200000| Untracked 
| 211|0x00000000ed300000, 0x00000000ed300000, 0x00000000ed400000|  0%| F|  |TAMS 0x00000000ed300000, 0x00000000ed300000| Untracked 
| 212|0x00000000ed400000, 0x00000000ed400000, 0x00000000ed500000|  0%| F|  |TAMS 0x00000000ed400000, 0x00000000ed400000| Untracked 
| 213|0x00000000ed500000, 0x00000000ed500000, 0x00000000ed600000|  0%| F|  |TAMS 0x00000000ed500000, 0x00000000ed500000| Untracked 
| 214|0x00000000ed600000, 0x00000000ed600000, 0x00000000ed700000|  0%| F|  |TAMS 0x00000000ed600000, 0x00000000ed600000| Untracked 
| 215|0x00000000ed700000, 0x00000000ed700000, 0x00000000ed800000|  0%| F|  |TAMS 0x00000000ed700000, 0x00000000ed700000| Untracked 
| 216|0x00000000ed800000, 0x00000000ed800000, 0x00000000ed900000|  0%| F|  |TAMS 0x00000000ed800000, 0x00000000ed800000| Untracked 
| 217|0x00000000ed900000, 0x00000000ed900000, 0x00000000eda00000|  0%| F|  |TAMS 0x00000000ed900000, 0x00000000ed900000| Untracked 
| 218|0x00000000eda00000, 0x00000000eda00000, 0x00000000edb00000|  0%| F|  |TAMS 0x00000000eda00000, 0x00000000eda00000| Untracked 
| 219|0x00000000edb00000, 0x00000000edb00000, 0x00000000edc00000|  0%| F|  |TAMS 0x00000000edb00000, 0x00000000edb00000| Untracked 
| 220|0x00000000edc00000, 0x00000000edc00000, 0x00000000edd00000|  0%| F|  |TAMS 0x00000000edc00000, 0x00000000edc00000| Untracked 
| 221|0x00000000edd00000, 0x00000000edd00000, 0x00000000ede00000|  0%| F|  |TAMS 0x00000000edd00000, 0x00000000edd00000| Untracked 
| 222|0x00000000ede00000, 0x00000000ede00000, 0x00000000edf00000|  0%| F|  |TAMS 0x00000000ede00000, 0x00000000ede00000| Untracked 
| 223|0x00000000edf00000, 0x00000000edf00000, 0x00000000ee000000|  0%| F|  |TAMS 0x00000000edf00000, 0x00000000edf00000| Untracked 
| 224|0x00000000ee000000, 0x00000000ee000000, 0x00000000ee100000|  0%| F|  |TAMS 0x00000000ee000000, 0x00000000ee000000| Untracked 
| 225|0x00000000ee100000, 0x00000000ee100000, 0x00000000ee200000|  0%| F|  |TAMS 0x00000000ee100000, 0x00000000ee100000| Untracked 
| 226|0x00000000ee200000, 0x00000000ee200000, 0x00000000ee300000|  0%| F|  |TAMS 0x00000000ee200000, 0x00000000ee200000| Untracked 
| 227|0x00000000ee300000, 0x00000000ee300000, 0x00000000ee400000|  0%| F|  |TAMS 0x00000000ee300000, 0x00000000ee300000| Untracked 
| 228|0x00000000ee400000, 0x00000000ee400000, 0x00000000ee500000|  0%| F|  |TAMS 0x00000000ee400000, 0x00000000ee400000| Untracked 
| 229|0x00000000ee500000, 0x00000000ee500000, 0x00000000ee600000|  0%| F|  |TAMS 0x00000000ee500000, 0x00000000ee500000| Untracked 
| 230|0x00000000ee600000, 0x00000000ee600000, 0x00000000ee700000|  0%| F|  |TAMS 0x00000000ee600000, 0x00000000ee600000| Untracked 
| 231|0x00000000ee700000, 0x00000000ee700000, 0x00000000ee800000|  0%| F|  |TAMS 0x00000000ee700000, 0x00000000ee700000| Untracked 
| 232|0x00000000ee800000, 0x00000000ee800000, 0x00000000ee900000|  0%| F|  |TAMS 0x00000000ee800000, 0x00000000ee800000| Untracked 
| 233|0x00000000ee900000, 0x00000000ee900000, 0x00000000eea00000|  0%| F|  |TAMS 0x00000000ee900000, 0x00000000ee900000| Untracked 
| 234|0x00000000eea00000, 0x00000000eea00000, 0x00000000eeb00000|  0%| F|  |TAMS 0x00000000eea00000, 0x00000000eea00000| Untracked 
| 235|0x00000000eeb00000, 0x00000000eeb00000, 0x00000000eec00000|  0%| F|  |TAMS 0x00000000eeb00000, 0x00000000eeb00000| Untracked 
| 236|0x00000000eec00000, 0x00000000eec00000, 0x00000000eed00000|  0%| F|  |TAMS 0x00000000eec00000, 0x00000000eec00000| Untracked 
| 237|0x00000000eed00000, 0x00000000eed00000, 0x00000000eee00000|  0%| F|  |TAMS 0x00000000eed00000, 0x00000000eed00000| Untracked 
| 238|0x00000000eee00000, 0x00000000eee00000, 0x00000000eef00000|  0%| F|  |TAMS 0x00000000eee00000, 0x00000000eee00000| Untracked 
| 239|0x00000000eef00000, 0x00000000eef00000, 0x00000000ef000000|  0%| F|  |TAMS 0x00000000eef00000, 0x00000000eef00000| Untracked 
| 240|0x00000000ef000000, 0x00000000ef000000, 0x00000000ef100000|  0%| F|  |TAMS 0x00000000ef000000, 0x00000000ef000000| Untracked 
| 241|0x00000000ef100000, 0x00000000ef100000, 0x00000000ef200000|  0%| F|  |TAMS 0x00000000ef100000, 0x00000000ef100000| Untracked 
| 242|0x00000000ef200000, 0x00000000ef200000, 0x00000000ef300000|  0%| F|  |TAMS 0x00000000ef200000, 0x00000000ef200000| Untracked 
| 243|0x00000000ef300000, 0x00000000ef300000, 0x00000000ef400000|  0%| F|  |TAMS 0x00000000ef300000, 0x00000000ef300000| Untracked 
| 244|0x00000000ef400000, 0x00000000ef400000, 0x00000000ef500000|  0%| F|  |TAMS 0x00000000ef400000, 0x00000000ef400000| Untracked 
| 245|0x00000000ef500000, 0x00000000ef600000, 0x00000000ef600000|100%| E|  |TAMS 0x00000000ef500000, 0x00000000ef500000| Complete 
| 246|0x00000000ef600000, 0x00000000ef700000, 0x00000000ef700000|100%| E|CS|TAMS 0x00000000ef600000, 0x00000000ef600000| Complete 
| 247|0x00000000ef700000, 0x00000000ef800000, 0x00000000ef800000|100%| E|CS|TAMS 0x00000000ef700000, 0x00000000ef700000| Complete 
| 248|0x00000000ef800000, 0x00000000ef900000, 0x00000000ef900000|100%| E|CS|TAMS 0x00000000ef800000, 0x00000000ef800000| Complete 
| 249|0x00000000ef900000, 0x00000000efa00000, 0x00000000efa00000|100%| E|CS|TAMS 0x00000000ef900000, 0x00000000ef900000| Complete 
| 250|0x00000000efa00000, 0x00000000efb00000, 0x00000000efb00000|100%| E|CS|TAMS 0x00000000efa00000, 0x00000000efa00000| Complete 
| 251|0x00000000efb00000, 0x00000000efc00000, 0x00000000efc00000|100%| E|CS|TAMS 0x00000000efb00000, 0x00000000efb00000| Complete 
| 252|0x00000000efc00000, 0x00000000efd00000, 0x00000000efd00000|100%| E|CS|TAMS 0x00000000efc00000, 0x00000000efc00000| Complete 
| 253|0x00000000efd00000, 0x00000000efe00000, 0x00000000efe00000|100%| E|CS|TAMS 0x00000000efd00000, 0x00000000efd00000| Complete 
| 254|0x00000000efe00000, 0x00000000eff00000, 0x00000000eff00000|100%| E|CS|TAMS 0x00000000efe00000, 0x00000000efe00000| Complete 
| 255|0x00000000eff00000, 0x00000000f0000000, 0x00000000f0000000|100%| E|CS|TAMS 0x00000000eff00000, 0x00000000eff00000| Complete 

Card table byte_map: [0x00000225f4960000,0x00000225f4a60000] _byte_map_base: 0x00000225f4260000

Marking Bits (Prev, Next): (CMBitMap*) 0x00000225de2d4c48, (CMBitMap*) 0x00000225de2d4c80
 Prev Bits: [0x00000225f4b60000, 0x00000225f5360000)
 Next Bits: [0x00000225f5360000, 0x00000225f5b60000)

Polling page: 0x00000225dc450000

Metaspace:

Usage:
  Non-class:     41.60 MB capacity,    40.85 MB ( 98%) used,   645.76 KB (  2%) free+waste,   127.81 KB ( <1%) overhead. 
      Class:      6.61 MB capacity,     6.12 MB ( 93%) used,   442.27 KB (  7%) free+waste,    63.44 KB ( <1%) overhead. 
       Both:     48.22 MB capacity,    46.97 MB ( 97%) used,     1.06 MB (  2%) free+waste,   191.25 KB ( <1%) overhead. 

Virtual space:
  Non-class space:       42.00 MB reserved,      41.75 MB (>99%) committed 
      Class space:      248.00 MB reserved,       6.63 MB (  3%) committed 
             Both:      290.00 MB reserved,      48.38 MB ( 17%) committed 

Chunk freelists:
   Non-Class:  2.75 KB
       Class:  1.63 KB
        Both:  4.38 KB

CodeHeap 'non-profiled nmethods': size=120064Kb used=2482Kb max_used=2482Kb free=117581Kb
 bounds [0x00000225ed420000, 0x00000225ed690000, 0x00000225f4960000]
CodeHeap 'profiled nmethods': size=120000Kb used=9186Kb max_used=9186Kb free=110813Kb
 bounds [0x00000225e5ef0000, 0x00000225e67f0000, 0x00000225ed420000]
CodeHeap 'non-nmethods': size=5696Kb used=2239Kb max_used=2276Kb free=3457Kb
 bounds [0x00000225e5960000, 0x00000225e5bd0000, 0x00000225e5ef0000]
 total_blobs=5207 nmethods=4405 adapters=713
 compilation: enabled
              stopped_count=0, restarted_count=0
 full_count=0

Compilation events (10 events):
Event: 27.085 Thread 0x00000225f819e800 4396       3       java.io.DataInputStream::<init> (30 bytes)
Event: 27.086 Thread 0x00000225f819e800 nmethod 4396 0x00000225e67cf210 code [0x00000225e67cf3e0, 0x00000225e67cf938]
Event: 27.089 Thread 0x00000225f819e800 4397       3       org.gradle.internal.snapshot.AbstractListChildMap$$Lambda$424/0x0000000100549040::compareTo (16 bytes)
Event: 27.089 Thread 0x00000225f819e800 nmethod 4397 0x00000225e67cfa90 code [0x00000225e67cfc40, 0x00000225e67cff08]
Event: 27.089 Thread 0x00000225f819e800 4398       3       org.gradle.internal.snapshot.AbstractListChildMap::lambda$findChildIndexWithCommonPrefix$0 (10 bytes)
Event: 27.089 Thread 0x00000225f819e800 nmethod 4398 0x00000225e67d0090 code [0x00000225e67d0240, 0x00000225e67d03a8]
Event: 27.090 Thread 0x00000225f819e800 4399       3       org.gradle.internal.snapshot.AbstractIncompleteFileSystemNode::getSnapshot (15 bytes)
Event: 27.091 Thread 0x00000225f819e800 nmethod 4399 0x00000225e67d0490 code [0x00000225e67d0680, 0x00000225e67d0d08]
Event: 27.091 Thread 0x00000225f819e800 4400       3       org.gradle.internal.snapshot.SnapshotUtil::getMetadataFromChildren (21 bytes)
Event: 27.091 Thread 0x00000225f819e800 nmethod 4400 0x00000225e67d0f10 code [0x00000225e67d10e0, 0x00000225e67d1548]

GC Heap History (10 events):
Event: 9.108 GC heap before
{Heap before GC invocations=3 (full 0):
 garbage-first heap   total 262144K, used 46862K [0x00000000e0000000, 0x0000000100000000)
  region size 1024K, 37 young (37888K), 4 survivors (4096K)
 Metaspace       used 17601K, capacity 18003K, committed 18176K, reserved 270336K
  class space    used 2078K, capacity 2240K, committed 2304K, reserved 253952K
}
Event: 9.115 GC heap after
{Heap after GC invocations=4 (full 0):
 garbage-first heap   total 262144K, used 16479K [0x00000000e0000000, 0x0000000100000000)
  region size 1024K, 5 young (5120K), 5 survivors (5120K)
 Metaspace       used 17601K, capacity 18003K, committed 18176K, reserved 270336K
  class space    used 2078K, capacity 2240K, committed 2304K, reserved 253952K
}
Event: 10.026 GC heap before
{Heap before GC invocations=4 (full 0):
 garbage-first heap   total 262144K, used 42079K [0x00000000e0000000, 0x0000000100000000)
  region size 1024K, 31 young (31744K), 5 survivors (5120K)
 Metaspace       used 20684K, capacity 21097K, committed 21248K, reserved 272384K
  class space    used 2540K, capacity 2722K, committed 2816K, reserved 253952K
}
Event: 10.033 GC heap after
{Heap after GC invocations=5 (full 0):
 garbage-first heap   total 262144K, used 17304K [0x00000000e0000000, 0x0000000100000000)
  region size 1024K, 4 young (4096K), 4 survivors (4096K)
 Metaspace       used 20684K, capacity 21097K, committed 21248K, reserved 272384K
  class space    used 2540K, capacity 2722K, committed 2816K, reserved 253952K
}
Event: 17.827 GC heap before
{Heap before GC invocations=6 (full 0):
 garbage-first heap   total 262144K, used 71576K [0x00000000e0000000, 0x0000000100000000)
  region size 1024K, 57 young (58368K), 4 survivors (4096K)
 Metaspace       used 26543K, capacity 27217K, committed 27392K, reserved 278528K
  class space    used 3487K, capacity 3733K, committed 3840K, reserved 253952K
}
Event: 17.843 GC heap after
{Heap after GC invocations=7 (full 0):
 garbage-first heap   total 262144K, used 19435K [0x00000000e0000000, 0x0000000100000000)
  region size 1024K, 6 young (6144K), 6 survivors (6144K)
 Metaspace       used 26543K, capacity 27217K, committed 27392K, reserved 278528K
  class space    used 3487K, capacity 3733K, committed 3840K, reserved 253952K
}
Event: 20.917 GC heap before
{Heap before GC invocations=7 (full 0):
 garbage-first heap   total 262144K, used 84971K [0x00000000e0000000, 0x0000000100000000)
  region size 1024K, 71 young (72704K), 6 survivors (6144K)
 Metaspace       used 34946K, capacity 35771K, committed 35840K, reserved 286720K
  class space    used 4603K, capacity 4952K, committed 4992K, reserved 253952K
}
Event: 20.939 GC heap after
{Heap after GC invocations=8 (full 0):
 garbage-first heap   total 262144K, used 22506K [0x00000000e0000000, 0x0000000100000000)
  region size 1024K, 9 young (9216K), 9 survivors (9216K)
 Metaspace       used 34946K, capacity 35771K, committed 35840K, reserved 286720K
  class space    used 4603K, capacity 4952K, committed 4992K, reserved 253952K
}
Event: 26.754 GC heap before
{Heap before GC invocations=9 (full 0):
 garbage-first heap   total 262144K, used 165866K [0x00000000e0000000, 0x0000000100000000)
  region size 1024K, 146 young (149504K), 9 survivors (9216K)
 Metaspace       used 47612K, capacity 48795K, committed 48896K, reserved 296960K
  class space    used 6191K, capacity 6645K, committed 6656K, reserved 253952K
}
Event: 26.780 GC heap after
{Heap after GC invocations=10 (full 0):
 garbage-first heap   total 262144K, used 30706K [0x00000000e0000000, 0x0000000100000000)
  region size 1024K, 17 young (17408K), 17 survivors (17408K)
 Metaspace       used 47612K, capacity 48795K, committed 48896K, reserved 296960K
  class space    used 6191K, capacity 6645K, committed 6656K, reserved 253952K
}

Deoptimization events (10 events):
Event: 24.982 Thread 0x00000225f8e20000 Uncommon trap: reason=unstable_if action=reinterpret pc=0x00000225ed478e34 method=java.net.URI.match(CJJ)Z @ 45 c2
Event: 25.259 Thread 0x00000225f8e20000 Uncommon trap: reason=unstable_if action=reinterpret pc=0x00000225ed443e24 method=java.net.URI.match(CJJ)Z @ 45 c2
Event: 25.911 Thread 0x00000225f8e20000 Uncommon trap: reason=bimorphic_or_optimized_type_check action=maybe_recompile pc=0x00000225ed5c5f5c method=java.io.BufferedInputStream.read([BII)I @ 101 c2
Event: 26.789 Thread 0x00000225f8e20000 Uncommon trap: reason=bimorphic_or_optimized_type_check action=maybe_recompile pc=0x00000225ed5c5f5c method=java.io.BufferedInputStream.read([BII)I @ 101 c2
Event: 26.804 Thread 0x00000225f8e20000 Uncommon trap: reason=bimorphic_or_optimized_type_check action=maybe_recompile pc=0x00000225ed5c5f5c method=java.io.BufferedInputStream.read([BII)I @ 101 c2
Event: 26.826 Thread 0x00000225fb2e0800 Uncommon trap: reason=class_check action=maybe_recompile pc=0x00000225ed617854 method=java.util.concurrent.ConcurrentHashMap.putVal(Ljava/lang/Object;Ljava/lang/Object;Z)Ljava/lang/Object; @ 159 c2
Event: 26.826 Thread 0x00000225fb2e0800 Uncommon trap: reason=speculate_null_assert action=make_not_entrant pc=0x00000225ed66fdb4 method=java.lang.invoke.MethodType$ConcurrentWeakInternSet.add(Ljava/lang/Object;)Ljava/lang/Object; @ 47 c2
Event: 26.831 Thread 0x00000225fb2e6000 Uncommon trap: reason=unstable_if action=reinterpret pc=0x00000225ed61753c method=java.util.concurrent.ConcurrentHashMap.addCount(JI)V @ 34 c2
Event: 26.833 Thread 0x00000225f8e20000 Uncommon trap: reason=unstable_if action=reinterpret pc=0x00000225ed4e1088 method=java.util.concurrent.ConcurrentHashMap.addCount(JI)V @ 7 c2
Event: 26.963 Thread 0x00000225fb2e8800 Uncommon trap: reason=intrinsic_or_type_checked_inlining action=make_not_entrant pc=0x00000225ed682ddc method=java.util.ArrayList.toArray([Ljava/lang/Object;)[Ljava/lang/Object; @ 36 c2

Classes redefined (0 events):
No events

Internal exceptions (10 events):
Event: 25.122 Thread 0x00000225f8e20000 Exception <a 'java/lang/NoSuchMethodError'{0x00000000e9282018}: java.lang.invoke.DirectMethodHandle$Holder.invokeStatic(Ljava/lang/Object;ILjava/lang/Object;)Ljava/lang/Object;> (0x00000000e9282018) thrown at [./open/src/hotspot/share/interpreter/linkReso
Event: 25.606 Thread 0x00000225f8e20000 Exception <a 'java/lang/IncompatibleClassChangeError'{0x00000000e8421020}: Found class java.lang.Object, but interface was expected> (0x00000000e8421020) thrown at [./open/src/hotspot/share/interpreter/linkResolver.cpp, line 838]
Event: 26.034 Thread 0x00000225f8e20000 Exception <a 'java/lang/NoSuchMethodError'{0x00000000e7ca4258}: java.lang.invoke.DirectMethodHandle$Holder.invokeStaticInit(Ljava/lang/Object;)I> (0x00000000e7ca4258) thrown at [./open/src/hotspot/share/interpreter/linkResolver.cpp, line 772]
Event: 26.158 Thread 0x00000225f8e20000 Exception <a 'java/lang/NoSuchMethodError'{0x00000000e7ab7820}: java.lang.invoke.DirectMethodHandle$Holder.invokeStatic(Ljava/lang/Object;Ljava/lang/Object;Ljava/lang/Object;ILjava/lang/Object;)V> (0x00000000e7ab7820) thrown at [./open/src/hotspot/share/i
Event: 26.331 Thread 0x00000225f8e20000 Exception <a 'java/lang/NoSuchMethodError'{0x00000000e74adc40}: java.lang.invoke.DelegatingMethodHandle$Holder.reinvoke_L(Ljava/lang/Object;Ljava/lang/Object;Ljava/lang/Object;Ljava/lang/Object;Ljava/lang/Object;Ljava/lang/Object;Ljava/lang/Object;Ljava/l
Event: 26.332 Thread 0x00000225f8e20000 Exception <a 'java/lang/NoSuchMethodError'{0x00000000e74b98a0}: java.lang.invoke.Invokers$Holder.invoker(Ljava/lang/Object;Ljava/lang/Object;Ljava/lang/Object;Ljava/lang/Object;Ljava/lang/Object;Ljava/lang/Object;Ljava/lang/Object;Ljava/lang/Object;Ljava/
Event: 26.332 Thread 0x00000225f8e20000 Exception <a 'java/lang/NoSuchMethodError'{0x00000000e74c0c10}: java.lang.invoke.DelegatingMethodHandle$Holder.delegate(Ljava/lang/Object;Ljava/lang/Object;Ljava/lang/Object;Ljava/lang/Object;Ljava/lang/Object;Ljava/lang/Object;Ljava/lang/Object;Ljava/lan
Event: 26.345 Thread 0x00000225f8e20000 Exception <a 'java/lang/NoSuchMethodError'{0x00000000e730a008}: java.lang.invoke.DirectMethodHandle$Holder.invokeStatic(Ljava/lang/Object;Ljava/lang/Object;Ljava/lang/Object;Ljava/lang/Object;Ljava/lang/Object;Ljava/lang/Object;Ljava/lang/Object;Ljava/lan
Event: 26.348 Thread 0x00000225f8e20000 Exception <a 'java/lang/NoSuchMethodError'{0x00000000e731a8e8}: java.lang.invoke.DirectMethodHandle$Holder.invokeStatic(Ljava/lang/Object;Ljava/lang/Object;Ljava/lang/Object;Ljava/lang/Object;Ljava/lang/Object;Ljava/lang/Object;Ljava/lang/Object;Ljava/lan
Event: 26.360 Thread 0x00000225f8e20000 Exception <a 'java/lang/NoSuchMethodError'{0x00000000e732b0d8}: java.lang.invoke.DelegatingMethodHandle$Holder.reinvoke_L(Ljava/lang/Object;Ljava/lang/Object;Ljava/lang/Object;Ljava/lang/Object;Ljava/lang/Object;Ljava/lang/Object;Ljava/lang/Object;Ljava/l

Events (10 events):
Event: 27.094 loading class org/gradle/internal/snapshot/FileSystemLocationSnapshot
Event: 27.094 loading class org/gradle/internal/snapshot/FileSystemLocationSnapshot done
Event: 27.094 loading class org/gradle/internal/snapshot/SnapshotVisitResult
Event: 27.094 loading class org/gradle/internal/snapshot/SnapshotVisitResult done
Event: 27.094 loading class com/google/common/collect/ImmutableMultimap$Builder
Event: 27.094 loading class com/google/common/collect/ImmutableMultimap$Builder done
Event: 27.094 loading class com/google/common/collect/ImmutableMultimap$Builder
Event: 27.094 loading class com/google/common/collect/ImmutableMultimap$Builder done
Event: 27.095 loading class org/gradle/internal/fingerprint/classpath/impl/ClasspathFingerprintingStrategy$ClasspathFingerprintingVisitor
Event: 27.095 loading class org/gradle/internal/fingerprint/classpath/impl/ClasspathFingerprintingStrategy$ClasspathFingerprintingVisitor done


Dynamic libraries:
0x00007ff746760000 - 0x00007ff74676f000 	C:\Program Files\Java\jdk-11.0.16.1\bin\java.exe
0x00007ffc84ce0000 - 0x00007ffc84ee9000 	C:\WINDOWS\SYSTEM32\ntdll.dll
0x00007ffc4b750000 - 0x00007ffc4b767000 	C:\Program Files\AVG\Antivirus\aswhook.dll
0x00007ffc83d10000 - 0x00007ffc83dce000 	C:\WINDOWS\System32\KERNEL32.DLL
0x00007ffc825a0000 - 0x00007ffc8291b000 	C:\WINDOWS\System32\KERNELBASE.dll
0x00007ffc82220000 - 0x00007ffc82331000 	C:\WINDOWS\System32\ucrtbase.dll
0x00007ffc7bfd0000 - 0x00007ffc7bfe8000 	C:\Program Files\Java\jdk-11.0.16.1\bin\jli.dll
0x00007ffc83c60000 - 0x00007ffc83d0e000 	C:\WINDOWS\System32\ADVAPI32.dll
0x00007ffc84a60000 - 0x00007ffc84b03000 	C:\WINDOWS\System32\msvcrt.dll
0x00007ffc84c00000 - 0x00007ffc84c9e000 	C:\WINDOWS\System32\sechost.dll
0x00007ffc82d90000 - 0x00007ffc82eb0000 	C:\WINDOWS\System32\RPCRT4.dll
0x00007ffc844a0000 - 0x00007ffc8464d000 	C:\WINDOWS\System32\USER32.dll
0x00007ffc82340000 - 0x00007ffc82366000 	C:\WINDOWS\System32\win32u.dll
0x00007ffc83680000 - 0x00007ffc836a9000 	C:\WINDOWS\System32\GDI32.dll
0x00007ffc82a40000 - 0x00007ffc82b58000 	C:\WINDOWS\System32\gdi32full.dll
0x00007ffc7bfb0000 - 0x00007ffc7bfc5000 	C:\Program Files\Java\jdk-11.0.16.1\bin\VCRUNTIME140.dll
0x00007ffc70470000 - 0x00007ffc70715000 	C:\WINDOWS\WinSxS\amd64_microsoft.windows.common-controls_6595b64144ccf1df_6.0.22000.120_none_9d947278b86cc467\COMCTL32.dll
0x00007ffc82920000 - 0x00007ffc829bd000 	C:\WINDOWS\System32\msvcp_win.dll
0x00007ffc7a190000 - 0x00007ffc7a19a000 	C:\WINDOWS\SYSTEM32\VERSION.dll
0x00007ffc84a20000 - 0x00007ffc84a52000 	C:\WINDOWS\System32\IMM32.DLL
0x00007ffc58b70000 - 0x00007ffc58c0b000 	C:\Program Files\Java\jdk-11.0.16.1\bin\msvcp140.dll
0x00007ffc289e0000 - 0x00007ffc294f8000 	C:\Program Files\Java\jdk-11.0.16.1\bin\server\jvm.dll
0x00007ffc82b60000 - 0x00007ffc82b68000 	C:\WINDOWS\System32\PSAPI.DLL
0x00007ffc6da30000 - 0x00007ffc6da39000 	C:\WINDOWS\SYSTEM32\WSOCK32.dll
0x00007ffc836d0000 - 0x00007ffc8373f000 	C:\WINDOWS\System32\WS2_32.dll
0x00007ffc7a710000 - 0x00007ffc7a743000 	C:\WINDOWS\SYSTEM32\WINMM.dll
0x00007ffc811f0000 - 0x00007ffc81208000 	C:\WINDOWS\SYSTEM32\kernel.appcore.dll
0x00007ffc7bfa0000 - 0x00007ffc7bfb0000 	C:\Program Files\Java\jdk-11.0.16.1\bin\verify.dll
0x00007ffc7f680000 - 0x00007ffc7f8a1000 	C:\WINDOWS\SYSTEM32\DBGHELP.DLL
0x00007ffc78bc0000 - 0x00007ffc78bf1000 	C:\WINDOWS\SYSTEM32\dbgcore.DLL
0x00007ffc829c0000 - 0x00007ffc82a3f000 	C:\WINDOWS\System32\bcryptPrimitives.dll
0x00007ffc7aa30000 - 0x00007ffc7aa58000 	C:\Program Files\Java\jdk-11.0.16.1\bin\java.dll
0x00007ffc7bf90000 - 0x00007ffc7bf9a000 	C:\Program Files\Java\jdk-11.0.16.1\bin\jimage.dll
0x00007ffc735c0000 - 0x00007ffc735d6000 	C:\Program Files\Java\jdk-11.0.16.1\bin\zip.dll
0x00007ffc82eb0000 - 0x00007ffc83668000 	C:\WINDOWS\System32\SHELL32.dll
0x00007ffc80260000 - 0x00007ffc80ac5000 	C:\WINDOWS\SYSTEM32\windows.storage.dll
0x00007ffc83880000 - 0x00007ffc83bf8000 	C:\WINDOWS\System32\combase.dll
0x00007ffc800f0000 - 0x00007ffc80256000 	C:\WINDOWS\SYSTEM32\wintypes.dll
0x00007ffc84920000 - 0x00007ffc84a0a000 	C:\WINDOWS\System32\SHCORE.dll
0x00007ffc82b70000 - 0x00007ffc82bcd000 	C:\WINDOWS\System32\shlwapi.dll
0x00007ffc820e0000 - 0x00007ffc82101000 	C:\WINDOWS\SYSTEM32\profapi.dll
0x00007ffc735a0000 - 0x00007ffc735b9000 	C:\Program Files\Java\jdk-11.0.16.1\bin\net.dll
0x00007ffc7ac00000 - 0x00007ffc7ad14000 	C:\WINDOWS\SYSTEM32\WINHTTP.dll
0x00007ffc81690000 - 0x00007ffc816f7000 	C:\WINDOWS\system32\mswsock.dll
0x00007ffc73580000 - 0x00007ffc73592000 	C:\Program Files\Java\jdk-11.0.16.1\bin\nio.dll
0x00007ffc66880000 - 0x00007ffc668a7000 	C:\Users\Noel Christian S\.gradle\native\e1d6ef7f7dcc3fd88c89a11ec53ec762bb8ba0a96d01ffa2cd45eb1d1d8dd5c5\windows-amd64\native-platform.dll
0x00007ffc576e0000 - 0x00007ffc57824000 	C:\Users\Noel Christian S\.gradle\native\0d407fdbe67a94daf76414ababcb853783967236a71b16ec16e742cd7a986fd3\windows-amd64\native-platform-file-events.dll
0x00007ffc7bf70000 - 0x00007ffc7bf79000 	C:\Program Files\Java\jdk-11.0.16.1\bin\management.dll
0x00007ffc7bf60000 - 0x00007ffc7bf6b000 	C:\Program Files\Java\jdk-11.0.16.1\bin\management_ext.dll
0x00007ffc81900000 - 0x00007ffc81918000 	C:\WINDOWS\SYSTEM32\CRYPTSP.dll
0x00007ffc81150000 - 0x00007ffc81185000 	C:\WINDOWS\system32\rsaenh.dll
0x00007ffc817a0000 - 0x00007ffc817c9000 	C:\WINDOWS\SYSTEM32\USERENV.dll
0x00007ffc81b10000 - 0x00007ffc81b37000 	C:\WINDOWS\SYSTEM32\bcrypt.dll
0x00007ffc818f0000 - 0x00007ffc818fc000 	C:\WINDOWS\SYSTEM32\CRYPTBASE.dll
0x00007ffc80d20000 - 0x00007ffc80d4d000 	C:\WINDOWS\SYSTEM32\IPHLPAPI.DLL
0x00007ffc83670000 - 0x00007ffc83679000 	C:\WINDOWS\System32\NSI.dll
0x00007ffc7adb0000 - 0x00007ffc7adc9000 	C:\WINDOWS\SYSTEM32\dhcpcsvc6.DLL
0x00007ffc7beb0000 - 0x00007ffc7bece000 	C:\WINDOWS\SYSTEM32\dhcpcsvc.DLL
0x00007ffc80d50000 - 0x00007ffc80e38000 	C:\WINDOWS\SYSTEM32\DNSAPI.dll

dbghelp: loaded successfully - version: 4.0.5 - missing functions: none
symbol engine: initialized successfully - sym options: 0x614 - pdb path: .;C:\Program Files\Java\jdk-11.0.16.1\bin;C:\WINDOWS\SYSTEM32;C:\Program Files\AVG\Antivirus;C:\WINDOWS\WinSxS\amd64_microsoft.windows.common-controls_6595b64144ccf1df_6.0.22000.120_none_9d947278b86cc467;C:\Program Files\Java\jdk-11.0.16.1\bin\server;C:\Users\Noel Christian S\.gradle\native\e1d6ef7f7dcc3fd88c89a11ec53ec762bb8ba0a96d01ffa2cd45eb1d1d8dd5c5\windows-amd64;C:\Users\Noel Christian S\.gradle\native\0d407fdbe67a94daf76414ababcb853783967236a71b16ec16e742cd7a986fd3\windows-amd64

VM Arguments:
jvm_args: --add-opens=java.base/java.util=ALL-UNNAMED --add-opens=java.base/java.lang=ALL-UNNAMED --add-opens=java.base/java.lang.invoke=ALL-UNNAMED --add-opens=java.base/java.util=ALL-UNNAMED --add-opens=java.prefs/java.util.prefs=ALL-UNNAMED --add-opens=java.prefs/java.util.prefs=ALL-UNNAMED --add-opens=java.base/java.nio.charset=ALL-UNNAMED --add-opens=java.base/java.net=ALL-UNNAMED --add-opens=java.base/java.util.concurrent.atomic=ALL-UNNAMED -XX:MaxMetaspaceSize=256m -XX:+HeapDumpOnOutOfMemoryError -Xms256m -Xmx512m -Dfile.encoding=windows-1252 -Duser.country=US -Duser.language=en -Duser.variant 
java_command: org.gradle.launcher.daemon.bootstrap.GradleDaemon 7.5.1
java_class_path (initial): C:\Users\Noel Christian S\.gradle\wrapper\dists\gradle-7.5.1-bin\7jzzequgds1hbszbhq3npc5ng\gradle-7.5.1\lib\gradle-launcher-7.5.1.jar
Launcher Type: SUN_STANDARD

[Global flags]
     intx CICompilerCount                          = 3                                         {product} {ergonomic}
   size_t CompressedClassSpaceSize                 = 260046848                                 {product} {ergonomic}
     uint ConcGCThreads                            = 1                                         {product} {ergonomic}
     uint G1ConcRefinementThreads                  = 4                                         {product} {ergonomic}
   size_t G1HeapRegionSize                         = 1048576                                   {product} {ergonomic}
    uintx GCDrainStackTargetSize                   = 64                                        {product} {ergonomic}
     bool HeapDumpOnOutOfMemoryError               = true                                   {manageable} {command line}
   size_t InitialHeapSize                          = 268435456                                 {product} {command line}
   size_t MarkStackSize                            = 4194304                                   {product} {ergonomic}
   size_t MaxHeapSize                              = 536870912                                 {product} {command line}
   size_t MaxMetaspaceSize                         = 268435456                                 {product} {command line}
   size_t MaxNewSize                               = 321912832                                 {product} {ergonomic}
   size_t MinHeapDeltaBytes                        = 1048576                                   {product} {ergonomic}
    uintx NonNMethodCodeHeapSize                   = 5830732                                {pd product} {ergonomic}
    uintx NonProfiledCodeHeapSize                  = 122913754                              {pd product} {ergonomic}
    uintx ProfiledCodeHeapSize                     = 122913754                              {pd product} {ergonomic}
    uintx ReservedCodeCacheSize                    = 251658240                              {pd product} {ergonomic}
     bool SegmentedCodeCache                       = true                                      {product} {ergonomic}
     bool UseCompressedClassPointers               = true                                 {lp64_product} {ergonomic}
     bool UseCompressedOops                        = true                                 {lp64_product} {ergonomic}
     bool UseG1GC                                  = true                                      {product} {ergonomic}
     bool UseLargePagesIndividualAllocation        = false                                  {pd product} {ergonomic}

Logging:
Log output configuration:
 #0: stdout all=warning uptime,level,tags
 #1: stderr all=off uptime,level,tags

Environment Variables:
PATH=C:\Program Files\Common Files\Oracle\Java\javapath;C:\WINDOWS\system32;C:\WINDOWS;C:\WINDOWS\System32\Wbem;C:\WINDOWS\System32\WindowsPowerShell\v1.0\;C:\WINDOWS\System32\OpenSSH\;C:\Program Files\IBM\SPSS\Statistics\24\JRE\bin;C:\Program Files\Git\cmd;C:\Program Files\Docker\Docker\resources\bin;C:\Program Files\PuTTY\;C:\Program Files\Java\jdk-11.0.16.1\bin;D:\flutter\bin;C:\Users\Noel Christian S\AppData\Local\Microsoft\WindowsApps;C:\Program Files\Java\jdk-11.0.16.1\bin;D:\flutter\bin;
USERNAME=Noel Christian S
OS=Windows_NT
PROCESSOR_IDENTIFIER=Intel64 Family 6 Model 126 Stepping 5, GenuineIntel



---------------  S Y S T E M  ---------------

OS: Windows 11 , 64 bit Build 22000 (10.0.22000.1219)
Hyper-V role detected

CPU:total 4 (initial active 4) (2 cores per cpu, 2 threads per core) family 6 model 126 stepping 5 microcode 0xa0, cmov, cx8, fxsr, mmx, sse, sse2, sse3, ssse3, sse4.1, sse4.2, popcnt, avx, avx2, aes, clmul, erms, 3dnowpref, lzcnt, ht, tsc, tscinvbit, bmi1, bmi2, adx, evex, sha, fma

Memory: 4k page, system-wide physical 3891M (58M free)
TotalPageFile size 15667M (AvailPageFile size 5M)
current process WorkingSet (physical memory assigned to process): 288M, peak: 288M
current process commit charge ("private bytes"): 439M, peak: 441M

vm_info: Java HotSpot(TM) 64-Bit Server VM (11.0.16.1+1-LTS-1) for windows-amd64 JRE (11.0.16.1+1-LTS-1), built on Aug 16 2022 01:46:01 by "mach5one" with MS VC++ 15.9 (VS2017)

END.
